<?xml version="1.0" encoding="UTF-8"?>
<testng-results skipped="0" failed="0" total="0" passed="0">
  <reporter-output>
  </reporter-output>
  <suite name="TASK_1_VWO.AppTest" duration-ms="4" started-at="2019-04-26T08:11:41Z" finished-at="2019-04-26T08:11:41Z">
    <groups>
    </groups>
    <test name="Command line test" duration-ms="4" started-at="2019-04-26T08:11:41Z" finished-at="2019-04-26T08:11:41Z">
    </test> <!-- Command line test -->
  </suite> <!-- TASK_1_VWO.AppTest -->
</testng-results>
